[17:27:46.229] [INFO] Storybook upgrade - v10.3.4
[17:27:46.231] [INFO] detect-projects-spinner-start: Detecting projects...
[17:27:46.232] [DEBUG] Finding Storybook projects...
[17:27:46.257] [DEBUG] Found 1 Storybook projects
[17:27:46.258] [INFO] detect-projects-spinner: Detecting projects: 1 projects
[17:27:46.258] [DEBUG] Getting Storybook data...
[17:27:46.258] [DEBUG] Getting Storybook info...
[17:27:46.318] [DEBUG] Loading main config...
[17:27:46.318] [DEBUG] Getting stories paths...
[17:27:46.330] [DEBUG] Getting package manager...
[17:27:46.589] [DEBUG] Getting package.json info for /Volumes/Tendermint/adena-wallet/packages/adena-extension/package.json...
[17:27:46.589] [DEBUG] Getting Storybook version...
[17:27:46.589] [DEBUG] Detecting CSF factory usage...
[17:27:46.603] [DEBUG] /packages/adena-extension/.storybook - Validating before version... 8.5.8
[17:27:46.603] [DEBUG] /packages/adena-extension/.storybook - Validating upgrade compatibility...
[17:27:46.604] [DEBUG] /packages/adena-extension/.storybook - Fetching NPM version information...
[17:27:46.604] [DEBUG] Getting CLI versions from NPM for storybook...
[17:27:46.604] [DEBUG] Executing command: pnpm info storybook version
[17:27:46.606] [DEBUG] Getting CLI versions from NPM for storybook@next...
[17:27:46.606] [DEBUG] Executing command: pnpm info storybook@next version
[17:27:47.155] [DEBUG] /packages/adena-extension/.storybook - Evaluating blockers...
[17:27:47.159] [DEBUG] Getting installed version for @storybook/experimental-addon-test...
[17:27:47.160] [DEBUG] Executing command: pnpm list "@storybook/experimental-addon-test" --json --depth=99
[17:27:47.373] [DEBUG] Installed version for @storybook/experimental-addon-test: null
[17:27:47.373] [INFO] detect-projects-spinner-stop: 1 project detected
[17:27:47.374] [DEBUG] Found 1 valid projects and 0 error projects
[17:27:47.374] [INFO] Upgrading from [1m8.5.8[22m to [1m10.3.4[22m
[17:27:47.374] [ERROR] Blockers detected

Storybook has found potential blockers that need to be resolved before upgrading:

[33mMajor Version Gap Detected[39m

Your Storybook version (v8.5.8) is more than one major version behind the target release (v10.3.4). Please upgrade one major version at a time.

You can upgrade to version 9 by running:
[36mnpx storybook@9 upgrade[39m

Affected projects: /packages/adena-extension/.storybook

More information: https://storybook.js.org/docs/9/migration-guide?ref=upgrade

---

After addressing this, you can try running the upgrade command again. You can also rerun the upgrade command with the [36m--force[39m flag to skip the blocker check and to proceed with the upgrade.